2026-05-07 02:12:10 [INFO] com.reimbursement.backend.BackendApplication - Starting BackendApplication using Java 21.0.10 with PID 35960 (C:\Users\hp\Desktop\capstone_project\Nucleusteq_assignments\Capstone_Reimbursement_Portal\backend\target\classes started by hp in C:\Users\hp\Desktop\capstone_project\Nucleusteq_assignments)
2026-05-07 02:12:10 [INFO] com.reimbursement.backend.BackendApplication - No active profile set, falling back to 1 default profile: "default"
2026-05-07 02:12:12 [INFO] org.springframework.data.repository.config.RepositoryConfigurationDelegate - Bootstrapping Spring Data JPA repositories in DEFAULT mode.
2026-05-07 02:12:12 [INFO] org.springframework.data.repository.config.RepositoryConfigurationDelegate - Finished Spring Data repository scanning in 111 ms. Found 2 JPA repository interfaces.
2026-05-07 02:12:14 [INFO] org.springframework.boot.web.embedded.tomcat.TomcatWebServer - Tomcat initialized with port 8080 (http)
2026-05-07 02:12:14 [INFO] org.apache.catalina.core.StandardService - Starting service [Tomcat]
2026-05-07 02:12:14 [INFO] org.apache.catalina.core.StandardEngine - Starting Servlet engine: [Apache Tomcat/10.1.31]
2026-05-07 02:12:14 [INFO] org.apache.catalina.core.ContainerBase.[Tomcat].[localhost].[/] - Initializing Spring embedded WebApplicationContext
2026-05-07 02:12:14 [INFO] org.springframework.boot.web.servlet.context.ServletWebServerApplicationContext - Root WebApplicationContext: initialization completed in 3157 ms
2026-05-07 02:12:14 [INFO] org.hibernate.jpa.internal.util.LogHelper - HHH000204: Processing PersistenceUnitInfo [name: default]
2026-05-07 02:12:14 [INFO] org.hibernate.Version - HHH000412: Hibernate ORM core version 6.5.3.Final
2026-05-07 02:12:14 [INFO] org.hibernate.cache.internal.RegionFactoryInitiator - HHH000026: Second-level cache disabled
2026-05-07 02:12:15 [INFO] org.springframework.orm.jpa.persistenceunit.SpringPersistenceUnitInfo - No LoadTimeWeaver setup: ignoring JPA class transformer
2026-05-07 02:12:15 [INFO] com.zaxxer.hikari.HikariDataSource - HikariPool-1 - Starting...
2026-05-07 02:12:15 [INFO] com.zaxxer.hikari.pool.HikariPool - HikariPool-1 - Added connection org.postgresql.jdbc.PgConnection@5bb7a59
2026-05-07 02:12:15 [INFO] com.zaxxer.hikari.HikariDataSource - HikariPool-1 - Start completed.
2026-05-07 02:12:17 [INFO] org.hibernate.engine.transaction.jta.platform.internal.JtaPlatformInitiator - HHH000489: No JTA platform available (set 'hibernate.transaction.jta.platform' to enable JTA platform integration)
2026-05-07 02:12:18 [INFO] org.springframework.orm.jpa.LocalContainerEntityManagerFactoryBean - Initialized JPA EntityManagerFactory for persistence unit 'default'
2026-05-07 02:12:19 [WARN] org.springframework.boot.autoconfigure.orm.jpa.JpaBaseConfiguration$JpaWebConfiguration - spring.jpa.open-in-view is enabled by default. Therefore, database queries may be performed during view rendering. Explicitly configure spring.jpa.open-in-view to disable this warning
2026-05-07 02:12:19 [WARN] org.springframework.boot.autoconfigure.security.servlet.UserDetailsServiceAutoConfiguration - 

Using generated security password: 7f16d46c-db10-405e-b2ee-86541bfe8b9c

This generated password is for development use only. Your security configuration must be updated before running your application in production.

2026-05-07 02:12:19 [INFO] org.springframework.security.config.annotation.authentication.configuration.InitializeUserDetailsBeanManagerConfigurer$InitializeUserDetailsManagerConfigurer - Global AuthenticationManager configured with UserDetailsService bean with name inMemoryUserDetailsManager
2026-05-07 02:12:20 [INFO] org.springframework.boot.web.embedded.tomcat.TomcatWebServer - Tomcat started on port 8080 (http) with context path '/'
2026-05-07 02:12:20 [INFO] com.reimbursement.backend.BackendApplication - Started BackendApplication in 10.129 seconds (process running for 10.744)
2026-05-07 02:12:48 [INFO] org.apache.catalina.core.ContainerBase.[Tomcat].[localhost].[/] - Initializing Spring DispatcherServlet 'dispatcherServlet'
2026-05-07 02:12:48 [INFO] org.springframework.web.servlet.DispatcherServlet - Initializing Servlet 'dispatcherServlet'
2026-05-07 02:12:48 [INFO] org.springframework.web.servlet.DispatcherServlet - Completed initialization in 1 ms
2026-05-07 02:13:18 [INFO] com.reimbursement.backend.controller.ClaimController - API HIT: Get Claims | reviewerId=1
2026-05-07 02:13:18 [INFO] com.reimbursement.backend.controller.ClaimController - Fetching claims for reviewerId=1
2026-05-07 02:13:18 [INFO] com.reimbursement.backend.service.ClaimService - Fetching claims for reviewerId=1
2026-05-07 02:13:18 [INFO] com.reimbursement.backend.service.ClaimService - SUCCESS: Claims fetched for reviewer | reviewerId=1 | count=5
2026-05-07 02:13:18 [INFO] com.reimbursement.backend.controller.ClaimController - SUCCESS: Claims fetched | count=5
2026-05-07 02:13:33 [INFO] com.reimbursement.backend.controller.ClaimController - API HIT: Reject Claim | claimId=17 | reviewerId=1
2026-05-07 02:13:33 [INFO] com.reimbursement.backend.service.ClaimService - START: Reject claim | claimId=17 | reviewerId=1
2026-05-07 02:13:33 [INFO] com.reimbursement.backend.service.ClaimService - SUCCESS: Claim rejected | claimId=17 | reviewerId=1
2026-05-07 02:13:33 [INFO] com.reimbursement.backend.service.ClaimService - AUDIT: Reviewer 1 rejected claim 17
2026-05-07 02:13:33 [INFO] com.reimbursement.backend.controller.ClaimController - SUCCESS: Claim rejected | claimId=17 | reviewerId=1
2026-05-07 02:13:33 [INFO] com.reimbursement.backend.controller.ClaimController - API HIT: Get Claims | reviewerId=1
2026-05-07 02:13:33 [INFO] com.reimbursement.backend.controller.ClaimController - Fetching claims for reviewerId=1
2026-05-07 02:13:33 [INFO] com.reimbursement.backend.service.ClaimService - Fetching claims for reviewerId=1
2026-05-07 02:13:33 [INFO] com.reimbursement.backend.service.ClaimService - SUCCESS: Claims fetched for reviewer | reviewerId=1 | count=5
2026-05-07 02:13:33 [INFO] com.reimbursement.backend.controller.ClaimController - SUCCESS: Claims fetched | count=5
2026-05-07 02:13:42 [INFO] com.reimbursement.backend.controller.ClaimController - API HIT: Get Claims | reviewerId=3
2026-05-07 02:13:42 [INFO] com.reimbursement.backend.controller.ClaimController - Fetching claims for reviewerId=3
2026-05-07 02:13:42 [INFO] com.reimbursement.backend.service.ClaimService - Fetching claims for reviewerId=3
2026-05-07 02:13:42 [INFO] com.reimbursement.backend.service.ClaimService - SUCCESS: Claims fetched for reviewer | reviewerId=3 | count=4
2026-05-07 02:13:42 [INFO] com.reimbursement.backend.controller.ClaimController - SUCCESS: Claims fetched | count=4
2026-05-07 02:14:00 [INFO] com.reimbursement.backend.controller.ClaimController - API HIT: Get Claims | reviewerId=null
2026-05-07 02:14:00 [INFO] com.reimbursement.backend.controller.ClaimController - Fetching all claims
2026-05-07 02:14:00 [INFO] com.reimbursement.backend.service.ClaimService - Fetching all claims
2026-05-07 02:14:00 [INFO] com.reimbursement.backend.service.ClaimService - SUCCESS: Total claims fetched | count=12
2026-05-07 02:14:00 [INFO] com.reimbursement.backend.controller.ClaimController - SUCCESS: Claims fetched | count=12
2026-05-07 02:14:26 [INFO] com.reimbursement.backend.controller.ClaimController - API HIT: Submit Claim | employeeId=6
2026-05-07 02:14:26 [INFO] com.reimbursement.backend.service.ClaimService - START: Submit claim | employeeId=6
2026-05-07 02:14:26 [INFO] com.reimbursement.backend.service.ClaimService - Claim mapped from DTO
2026-05-07 02:14:26 [INFO] com.reimbursement.backend.service.ClaimService - Reviewer assigned (manager) | reviewerId=11
2026-05-07 02:14:26 [INFO] com.reimbursement.backend.service.ClaimService - SUCCESS: Claim created | claimId=21 | employeeId=6
2026-05-07 02:14:26 [INFO] com.reimbursement.backend.service.ClaimService - AUDIT: User 6 created claim 21
2026-05-07 02:14:26 [INFO] com.reimbursement.backend.controller.ClaimController - SUCCESS: Claim submitted | claimId=21 | employeeId=6
2026-05-07 02:14:27 [INFO] com.reimbursement.backend.controller.ClaimController - API HIT: Get Claims | reviewerId=null
2026-05-07 02:14:27 [INFO] com.reimbursement.backend.controller.ClaimController - Fetching all claims
2026-05-07 02:14:27 [INFO] com.reimbursement.backend.service.ClaimService - Fetching all claims
2026-05-07 02:14:27 [INFO] com.reimbursement.backend.service.ClaimService - SUCCESS: Total claims fetched | count=13
2026-05-07 02:14:27 [INFO] com.reimbursement.backend.controller.ClaimController - SUCCESS: Claims fetched | count=13
2026-05-07 02:19:36 [INFO] org.springframework.orm.jpa.LocalContainerEntityManagerFactoryBean - Closing JPA EntityManagerFactory for persistence unit 'default'
2026-05-07 02:19:36 [INFO] com.zaxxer.hikari.HikariDataSource - HikariPool-1 - Shutdown initiated...
2026-05-07 02:19:36 [INFO] com.zaxxer.hikari.HikariDataSource - HikariPool-1 - Shutdown completed.
